# JRE version: Java(TM) SE Runtime Environment (8.0_281-b09) (build 1.8.0_281-b09)
# Java VM: Java HotSpot(TM) 64-Bit Server VM (25.281-b09 mixed mode windows-amd64 compressed oops)
Heap:
 PSYoungGen      total 109568K, used 109561K [0x00000000d5f00000, 0x00000000ddb00000, 0x0000000100000000)
  eden space 98304K, 100% used [0x00000000d5f00000,0x00000000dbf00000,0x00000000dbf00000)
  from space 11264K, 99% used [0x00000000dce00000,0x00000000dd8fe5b0,0x00000000dd900000)
  to   space 14336K, 99% used [0x00000000dbf00000,0x00000000dccf8590,0x00000000dcd00000)
 ParOldGen       total 97280K, used 25188K [0x0000000081c00000, 0x0000000087b00000, 0x00000000d5f00000)
  object space 97280K, 25% used [0x0000000081c00000,0x00000000834991a0,0x0000000087b00000)
 Metaspace       used 49670K, capacity 52826K, committed 53032K, reserved 1095680K
  class space    used 6731K, capacity 7378K, committed 7464K, reserved 1048576K
GC Heap History (10 events):
Event: 1.904 GC heap after
Heap after GC invocations=6 (full 1):
 PSYoungGen      total 71680K, used 5105K [0x00000000d5f00000, 0x00000000dbd00000, 0x0000000100000000)
  eden space 66560K, 0% used [0x00000000d5f00000,0x00000000d5f00000,0x00000000da000000)
  from space 5120K, 99% used [0x00000000da000000,0x00000000da4fc4f8,0x00000000da500000)
  to   space 10240K, 0% used [0x00000000db300000,0x00000000db300000,0x00000000dbd00000)
 ParOldGen       total 60416K, used 10810K [0x0000000081c00000, 0x0000000085700000, 0x00000000d5f00000)
  object space 60416K, 17% used [0x0000000081c00000,0x000000008268ebf8,0x0000000085700000)
 Metaspace       used 26859K, capacity 28178K, committed 28336K, reserved 1073152K
  class space    used 3656K, capacity 3943K, committed 4016K, reserved 1048576K
}
Event: 2.433 GC heap before
{Heap before GC invocations=7 (full 1):
 PSYoungGen      total 71680K, used 58563K [0x00000000d5f00000, 0x00000000dbd00000, 0x0000000100000000)
  eden space 66560K, 80% used [0x00000000d5f00000,0x00000000d93347d8,0x00000000da000000)
  from space 5120K, 99% used [0x00000000da000000,0x00000000da4fc4f8,0x00000000da500000)
  to   space 10240K, 0% used [0x00000000db300000,0x00000000db300000,0x00000000dbd00000)
 ParOldGen       total 60416K, used 10810K [0x0000000081c00000, 0x0000000085700000, 0x00000000d5f00000)
  object space 60416K, 17% used [0x0000000081c00000,0x000000008268ebf8,0x0000000085700000)
 Metaspace       used 33499K, capacity 35332K, committed 35496K, reserved 1079296K
  class space    used 4579K, capacity 4942K, committed 5032K, reserved 1048576K
Event: 2.444 GC heap after
Heap after GC invocations=7 (full 1):
 PSYoungGen      total 84480K, used 10225K [0x00000000d5f00000, 0x00000000dd680000, 0x0000000100000000)
  eden space 74240K, 0% used [0x00000000d5f00000,0x00000000d5f00000,0x00000000da780000)
  from space 10240K, 99% used [0x00000000db300000,0x00000000dbcfc770,0x00000000dbd00000)
  to   space 11776K, 0% used [0x00000000da780000,0x00000000da780000,0x00000000db300000)
 ParOldGen       total 60416K, used 11352K [0x0000000081c00000, 0x0000000085700000, 0x00000000d5f00000)
  object space 60416K, 18% used [0x0000000081c00000,0x0000000082716110,0x0000000085700000)
 Metaspace       used 33499K, capacity 35332K, committed 35496K, reserved 1079296K
  class space    used 4579K, capacity 4942K, committed 5032K, reserved 1048576K
}
Event: 2.444 GC heap before
{Heap before GC invocations=8 (full 2):
 PSYoungGen      total 84480K, used 10225K [0x00000000d5f00000, 0x00000000dd680000, 0x0000000100000000)
  eden space 74240K, 0% used [0x00000000d5f00000,0x00000000d5f00000,0x00000000da780000)
  from space 10240K, 99% used [0x00000000db300000,0x00000000dbcfc770,0x00000000dbd00000)
  to   space 11776K, 0% used [0x00000000da780000,0x00000000da780000,0x00000000db300000)
 ParOldGen       total 60416K, used 11352K [0x0000000081c00000, 0x0000000085700000, 0x00000000d5f00000)
  object space 60416K, 18% used [0x0000000081c00000,0x0000000082716110,0x0000000085700000)
 Metaspace       used 33499K, capacity 35332K, committed 35496K, reserved 1079296K
  class space    used 4579K, capacity 4942K, committed 5032K, reserved 1048576K
Event: 2.504 GC heap after
Heap after GC invocations=8 (full 2):
 PSYoungGen      total 84480K, used 0K [0x00000000d5f00000, 0x00000000dd680000, 0x0000000100000000)
  eden space 74240K, 0% used [0x00000000d5f00000,0x00000000d5f00000,0x00000000da780000)
  from space 10240K, 0% used [0x00000000db300000,0x00000000db300000,0x00000000dbd00000)
  to   space 11776K, 0% used [0x00000000da780000,0x00000000da780000,0x00000000db300000)
 ParOldGen       total 97280K, used 15752K [0x0000000081c00000, 0x0000000087b00000, 0x00000000d5f00000)
  object space 97280K, 16% used [0x0000000081c00000,0x0000000082b62028,0x0000000087b00000)
 Metaspace       used 33499K, capacity 35332K, committed 35496K, reserved 1079296K
  class space    used 4579K, capacity 4942K, committed 5032K, reserved 1048576K
}
Event: 3.123 GC heap before
{Heap before GC invocations=9 (full 2):
 PSYoungGen      total 84480K, used 74240K [0x00000000d5f00000, 0x00000000dd680000, 0x0000000100000000)
  eden space 74240K, 100% used [0x00000000d5f00000,0x00000000da780000,0x00000000da780000)
  from space 10240K, 0% used [0x00000000db300000,0x00000000db300000,0x00000000dbd00000)
  to   space 11776K, 0% used [0x00000000da780000,0x00000000da780000,0x00000000db300000)
 ParOldGen       total 97280K, used 15752K [0x0000000081c00000, 0x0000000087b00000, 0x00000000d5f00000)
  object space 97280K, 16% used [0x0000000081c00000,0x0000000082b62028,0x0000000087b00000)
 Metaspace       used 38763K, capacity 41150K, committed 41384K, reserved 1085440K
  class space    used 5331K, capacity 5766K, committed 5800K, reserved 1048576K
Event: 3.134 GC heap after
Heap after GC invocations=9 (full 2):
 PSYoungGen      total 86016K, used 8385K [0x00000000d5f00000, 0x00000000dd900000, 0x0000000100000000)
  eden space 74240K, 0% used [0x00000000d5f00000,0x00000000d5f00000,0x00000000da780000)
  from space 11776K, 71% used [0x00000000da780000,0x00000000dafb0598,0x00000000db300000)
  to   space 11264K, 0% used [0x00000000dce00000,0x00000000dce00000,0x00000000dd900000)
 ParOldGen       total 97280K, used 15760K [0x0000000081c00000, 0x0000000087b00000, 0x00000000d5f00000)
  object space 97280K, 16% used [0x0000000081c00000,0x0000000082b64028,0x0000000087b00000)
 Metaspace       used 38763K, capacity 41150K, committed 41384K, reserved 1085440K
  class space    used 5331K, capacity 5766K, committed 5800K, reserved 1048576K
}
Event: 7.802 GC heap before
{Heap before GC invocations=10 (full 2):
 PSYoungGen      total 86016K, used 82625K [0x00000000d5f00000, 0x00000000dd900000, 0x0000000100000000)
  eden space 74240K, 100% used [0x00000000d5f00000,0x00000000da780000,0x00000000da780000)
  from space 11776K, 71% used [0x00000000da780000,0x00000000dafb0598,0x00000000db300000)
  to   space 11264K, 0% used [0x00000000dce00000,0x00000000dce00000,0x00000000dd900000)
 ParOldGen       total 97280K, used 15760K [0x0000000081c00000, 0x0000000087b00000, 0x00000000d5f00000)
  object space 97280K, 16% used [0x0000000081c00000,0x0000000082b64028,0x0000000087b00000)
 Metaspace       used 46289K, capacity 48918K, committed 49192K, reserved 1091584K
  class space    used 6198K, capacity 6692K, committed 6696K, reserved 1048576K
Event: 7.817 GC heap after
Heap after GC invocations=10 (full 2):
 PSYoungGen      total 109568K, used 11257K [0x00000000d5f00000, 0x00000000ddb00000, 0x0000000100000000)
  eden space 98304K, 0% used [0x00000000d5f00000,0x00000000d5f00000,0x00000000dbf00000)
  from space 11264K, 99% used [0x00000000dce00000,0x00000000dd8fe5b0,0x00000000dd900000)
  to   space 14336K, 0% used [0x00000000dbf00000,0x00000000dbf00000,0x00000000dcd00000)
 ParOldGen       total 97280K, used 19958K [0x0000000081c00000, 0x0000000087b00000, 0x00000000d5f00000)
  object space 97280K, 20% used [0x0000000081c00000,0x0000000082f7dbd8,0x0000000087b00000)
 Metaspace       used 46289K, capacity 48918K, committed 49192K, reserved 1091584K
  class space    used 6198K, capacity 6692K, committed 6696K, reserved 1048576K
}
Event: 12894.287 GC heap before
{Heap before GC invocations=11 (full 2):
 PSYoungGen      total 109568K, used 109561K [0x00000000d5f00000, 0x00000000ddb00000, 0x0000000100000000)
  eden space 98304K, 100% used [0x00000000d5f00000,0x00000000dbf00000,0x00000000dbf00000)
  from space 11264K, 99% used [0x00000000dce00000,0x00000000dd8fe5b0,0x00000000dd900000)
  to   space 14336K, 0% used [0x00000000dbf00000,0x00000000dbf00000,0x00000000dcd00000)
 ParOldGen       total 97280K, used 19958K [0x0000000081c00000, 0x0000000087b00000, 0x00000000d5f00000)
  object space 97280K, 20% used [0x0000000081c00000,0x0000000082f7dbd8,0x0000000087b00000)
 Metaspace       used 49670K, capacity 52826K, committed 53032K, reserved 1095680K
  class space    used 6731K, capacity 7378K, committed 7464K, reserved 1048576K

